빌드 시작: 2017-07-18 오후 10:15:08
     1>2 노드의 "c:\Users\user\documents\visual studio 2012\Projects\platform\platform\platform.vcxproj" 프로젝트(Build 대상)입니다.
     1>CustomBuild:
         Moc'ing platform.h...
       ClCompile:
         C:\Program Files (x86)\Microsoft Visual Studio 11.0\VC\bin\x86_amd64\CL.exe /c /I.\GeneratedFiles /I. /IC:\Qt\Qt5.2.1\5.2.1\msvc2012_64_opengl\include /I.\GeneratedFiles\Debug /IC:\Qt\Qt5.2.1\5.2.1\msvc2012_64_opengl\include\QtCore /IC:\Qt\Qt5.2.1\5.2.1\msvc2012_64_opengl\include\QtGui /IC:\Qt\Qt5.2.1\5.2.1\msvc2012_64_opengl\include\QtWidgets /Zi /nologo /W1 /WX- /Od /D UNICODE /D WIN32 /D WIN64 /D QT_DLL /D QT_CORE_LIB /D QT_GUI_LIB /D QT_WIDGETS_LIB /Gm- /EHsc /MDd /GS /fp:precise /Zc:wchar_t- /Zc:forScope /Fo"x64\Debug\\" /Fd"x64\Debug\vc110.pdb" /Gd /TP /errorReport:prompt ADF.cpp platform.cpp clahe.cpp GeneratedFiles\Debug\moc_platform.cpp main.cpp
         ADF.cpp
         platform.cpp
         clahe.cpp
         moc_platform.cpp
         main.cpp
         코드를 생성하고 있습니다...
       Link:
         C:\Program Files (x86)\Microsoft Visual Studio 11.0\VC\bin\x86_amd64\link.exe /ERRORREPORT:PROMPT /OUT:"c:\users\user\documents\visual studio 2012\Projects\platform\x64\Debug\\platform.exe" /NOLOGO /LIBPATH:C:\Qt\Qt5.2.1\5.2.1\msvc2012_64_opengl\lib qtmaind.lib Qt5Cored.lib Qt5Guid.lib Qt5Widgetsd.lib kernel32.lib user32.lib gdi32.lib winspool.lib comdlg32.lib advapi32.lib shell32.lib ole32.lib oleaut32.lib uuid.lib odbc32.lib odbccp32.lib /MANIFEST /MANIFESTUAC:"level='asInvoker' uiAccess='false'" /manifest:embed /DEBUG /PDB:"c:\users\user\documents\visual studio 2012\Projects\platform\x64\Debug\platform.pdb" /SUBSYSTEM:WINDOWS /TLBID:1 /DYNAMICBASE /NXCOMPAT /IMPLIB:"c:\users\user\documents\visual studio 2012\Projects\platform\x64\Debug\platform.lib" /MACHINE:X64 x64\Debug\ADF.obj
         x64\Debug\platform.obj
         x64\Debug\clahe.obj
         x64\Debug\moc_platform.obj
         x64\Debug\qrc_platform.obj
         x64\Debug\main.obj
         platform.vcxproj -> c:\users\user\documents\visual studio 2012\Projects\platform\x64\Debug\platform.exe
     1>"c:\Users\user\documents\visual studio 2012\Projects\platform\platform\platform.vcxproj" 프로젝트를 빌드했습니다(Build 대상).

빌드했습니다.

경과 시간: 00:00:03.10
