D:\# ASAN\CODE BACKUP\QT 연습용 (2018-05-31)\platform\DEBUG\IMAGE.OBJ
D:\# ASAN\CODE BACKUP\QT 연습용 (2018-05-31)\platform\DEBUG\MAIN.OBJ
D:\# ASAN\CODE BACKUP\QT 연습용 (2018-05-31)\platform\DEBUG\IMAGEPROCESSING.OBJ
D:\# ASAN\CODE BACKUP\QT 연습용 (2018-05-31)\platform\DEBUG\HISTORY.OBJ
D:\# ASAN\CODE BACKUP\QT 연습용 (2018-05-31)\platform\DEBUG\MOC_HISTOGRAMVIEW.OBJ
D:\# ASAN\CODE BACKUP\QT 연습용 (2018-05-31)\platform\DEBUG\MOC_platform.OBJ
D:\# ASAN\CODE BACKUP\QT 연습용 (2018-05-31)\platform\DEBUG\HISTOGRAMVIEW.OBJ
D:\# ASAN\CODE BACKUP\QT 연습용 (2018-05-31)\platform\DEBUG\MOC_IMAGE.OBJ
D:\# ASAN\CODE BACKUP\QT 연습용 (2018-05-31)\platform\DEBUG\DATA.OBJ
D:\# ASAN\CODE BACKUP\QT 연습용 (2018-05-31)\platform\DEBUG\platform.OBJ
D:\# ASAN\CODE BACKUP\QT 연습용 (2018-05-31)\platform\DEBUG\VC110.PDB
D:\# ASAN\CODE BACKUP\QT 연습용 (2018-05-31)\platform\DEBUG\QRC_platform.OBJ
D:\# ASAN\CODE BACKUP\QT 연습용 (2018-05-31)\platform\DEBUG\QRC_DARKSTYLE.OBJ
D:\# ASAN\CODE BACKUP\QT 연습용 (2018-05-31)\platform\GENERATEDFILES\DEBUG\MOC_HISTOGRAMVIEW.CPP
D:\# ASAN\CODE BACKUP\QT 연습용 (2018-05-31)\platform\GENERATEDFILES\DEBUG\MOC_IMAGE.CPP
D:\# ASAN\CODE BACKUP\QT 연습용 (2018-05-31)\platform\GENERATEDFILES\QRC_platform.CPP
D:\# ASAN\CODE BACKUP\QT 연습용 (2018-05-31)\platform\GENERATEDFILES\QRC_DARKSTYLE.CPP
D:\# ASAN\CODE BACKUP\QT 연습용 (2018-05-31)\platform\GENERATEDFILES\UI_platform.H
D:\# ASAN\CODE BACKUP\QT 연습용 (2018-05-31)\platform\GENERATEDFILES\DEBUG\MOC_platform.CPP
D:\# ASAN\CODE BACKUP\QT 연습용 (2018-05-31)\WIN32\DEBUG\platform.ILK
D:\# ASAN\CODE BACKUP\QT 연습용 (2018-05-31)\WIN32\DEBUG\platform.EXE
D:\# ASAN\CODE BACKUP\QT 연습용 (2018-05-31)\WIN32\DEBUG\platform.PDB
D:\# asan\code backup\QT 연습용 (2018-05-31)\platform\Debug\platform.obj
D:\# asan\code backup\QT 연습용 (2018-05-31)\platform\Debug\data.obj
D:\# asan\code backup\QT 연습용 (2018-05-31)\platform\Debug\histogramView.obj
D:\# asan\code backup\QT 연습용 (2018-05-31)\platform\Debug\history.obj
D:\# asan\code backup\QT 연습용 (2018-05-31)\platform\Debug\image.obj
D:\# asan\code backup\QT 연습용 (2018-05-31)\platform\Debug\ImageProcessing.obj
D:\# asan\code backup\QT 연습용 (2018-05-31)\platform\Debug\main.obj
D:\# asan\code backup\QT 연습용 (2018-05-31)\platform\Debug\moc_platform.obj
D:\# asan\code backup\QT 연습용 (2018-05-31)\platform\Debug\moc_histogramView.obj
D:\# asan\code backup\QT 연습용 (2018-05-31)\platform\Debug\moc_image.obj
D:\# asan\code backup\QT 연습용 (2018-05-31)\platform\Debug\qrc_platform.obj
D:\# asan\code backup\QT 연습용 (2018-05-31)\platform\Debug\qrc_darkstyle.obj
D:\# asan\code backup\QT 연습용 (2018-05-31)\platform\Debug\cl.command.1.tlog
D:\# asan\code backup\QT 연습용 (2018-05-31)\platform\Debug\CL.read.1.tlog
D:\# asan\code backup\QT 연습용 (2018-05-31)\platform\Debug\CL.write.1.tlog
D:\# asan\code backup\QT 연습용 (2018-05-31)\platform\Debug\custombuild.command.1.tlog
D:\# asan\code backup\QT 연습용 (2018-05-31)\platform\Debug\custombuild.read.1.tlog
D:\# asan\code backup\QT 연습용 (2018-05-31)\platform\Debug\custombuild.write.1.tlog
D:\# asan\code backup\QT 연습용 (2018-05-31)\platform\Debug\link-cvtres.read.1.tlog
D:\# asan\code backup\QT 연습용 (2018-05-31)\platform\Debug\link-cvtres.write.1.tlog
D:\# asan\code backup\QT 연습용 (2018-05-31)\platform\Debug\link-rc.read.1.tlog
D:\# asan\code backup\QT 연습용 (2018-05-31)\platform\Debug\link-rc.write.1.tlog
D:\# asan\code backup\QT 연습용 (2018-05-31)\platform\Debug\link.command.1.tlog
D:\# asan\code backup\QT 연습용 (2018-05-31)\platform\Debug\link.read.1.tlog
D:\# asan\code backup\QT 연습용 (2018-05-31)\platform\Debug\link.write.1.tlog
D:\# asan\code backup\QT 연습용 (2018-05-31)\platform\Debug\vc110.pdb
D:\# asan\code backup\QT 연습용 (2018-05-31)\Win32\Debug\platform.pdb
D:\# asan\code backup\QT 연습용 (2018-05-31)\Win32\Debug\platform.exe
D:\# asan\code backup\QT 연습용 (2018-05-31)\Win32\Debug\platform.ilk
