D:\# ASAN\CODE BACKUP\platform(2018-02-12)\platform\RELEASE\SCREENOPERATOR.OBJ
D:\# ASAN\CODE BACKUP\platform(2018-02-12)\platform\RELEASE\IMAGE.OBJ
D:\# ASAN\CODE BACKUP\platform(2018-02-12)\platform\RELEASE\MAIN.OBJ
D:\# ASAN\CODE BACKUP\platform(2018-02-12)\platform\RELEASE\LIVEWIRE.OBJ
D:\# ASAN\CODE BACKUP\platform(2018-02-12)\platform\RELEASE\IMAGEPROCESSING.OBJ
D:\# ASAN\CODE BACKUP\platform(2018-02-12)\platform\RELEASE\HISTORY.OBJ
D:\# ASAN\CODE BACKUP\platform(2018-02-12)\platform\RELEASE\MOC_HISTOGRAMVIEW.OBJ
D:\# ASAN\CODE BACKUP\platform(2018-02-12)\platform\RELEASE\MOC_platform.OBJ
D:\# ASAN\CODE BACKUP\platform(2018-02-12)\platform\RELEASE\HISTOGRAMVIEW.OBJ
D:\# ASAN\CODE BACKUP\platform(2018-02-12)\platform\RELEASE\MOC_SCREENOPERATOR.OBJ
D:\# ASAN\CODE BACKUP\platform(2018-02-12)\platform\RELEASE\MOC_IMAGE.OBJ
D:\# ASAN\CODE BACKUP\platform(2018-02-12)\platform\RELEASE\CLAHE.OBJ
D:\# ASAN\CODE BACKUP\platform(2018-02-12)\platform\RELEASE\platform.OBJ
D:\# ASAN\CODE BACKUP\platform(2018-02-12)\platform\RELEASE\ADF.OBJ
D:\# ASAN\CODE BACKUP\platform(2018-02-12)\platform\RELEASE\QRC_platform.OBJ
D:\# ASAN\CODE BACKUP\platform(2018-02-12)\platform\RELEASE\QRC_DARKSTYLE.OBJ
D:\# ASAN\CODE BACKUP\platform(2018-02-12)\platform\GENERATEDFILES\RELEASE\MOC_platform.CPP
D:\# ASAN\CODE BACKUP\platform(2018-02-12)\platform\GENERATEDFILES\UI_platform.H
D:\# ASAN\CODE BACKUP\platform(2018-02-12)\platform\GENERATEDFILES\RELEASE\MOC_SCREENOPERATOR.CPP
D:\# ASAN\CODE BACKUP\platform(2018-02-12)\platform\GENERATEDFILES\RELEASE\MOC_HISTOGRAMVIEW.CPP
D:\# ASAN\CODE BACKUP\platform(2018-02-12)\platform\GENERATEDFILES\RELEASE\MOC_IMAGE.CPP
D:\# ASAN\CODE BACKUP\platform(2018-02-12)\platform\GENERATEDFILES\QRC_platform.CPP
D:\# ASAN\CODE BACKUP\platform(2018-02-12)\platform\GENERATEDFILES\QRC_DARKSTYLE.CPP
D:\# ASAN\CODE BACKUP\platform(2018-02-12)\WIN32\RELEASE\platform.EXE
D:\# asan\code backup\platform(2018-02-12)\platform\Release\ADF.obj
D:\# asan\code backup\platform(2018-02-12)\platform\Release\platform.obj
D:\# asan\code backup\platform(2018-02-12)\platform\Release\clahe.obj
D:\# asan\code backup\platform(2018-02-12)\platform\Release\histogramView.obj
D:\# asan\code backup\platform(2018-02-12)\platform\Release\history.obj
D:\# asan\code backup\platform(2018-02-12)\platform\Release\image.obj
D:\# asan\code backup\platform(2018-02-12)\platform\Release\ImageProcessing.obj
D:\# asan\code backup\platform(2018-02-12)\platform\Release\LiveWire.obj
D:\# asan\code backup\platform(2018-02-12)\platform\Release\main.obj
D:\# asan\code backup\platform(2018-02-12)\platform\Release\moc_platform.obj
D:\# asan\code backup\platform(2018-02-12)\platform\Release\moc_histogramView.obj
D:\# asan\code backup\platform(2018-02-12)\platform\Release\moc_image.obj
D:\# asan\code backup\platform(2018-02-12)\platform\Release\moc_screenOperator.obj
D:\# asan\code backup\platform(2018-02-12)\platform\Release\qrc_platform.obj
D:\# asan\code backup\platform(2018-02-12)\platform\Release\qrc_darkstyle.obj
D:\# asan\code backup\platform(2018-02-12)\platform\Release\screenOperator.obj
D:\# asan\code backup\platform(2018-02-12)\platform\Release\cl.command.1.tlog
D:\# asan\code backup\platform(2018-02-12)\platform\Release\CL.read.1.tlog
D:\# asan\code backup\platform(2018-02-12)\platform\Release\CL.write.1.tlog
D:\# asan\code backup\platform(2018-02-12)\platform\Release\custombuild.command.1.tlog
D:\# asan\code backup\platform(2018-02-12)\platform\Release\custombuild.read.1.tlog
D:\# asan\code backup\platform(2018-02-12)\platform\Release\custombuild.write.1.tlog
D:\# asan\code backup\platform(2018-02-12)\platform\Release\link-cvtres.read.1.tlog
D:\# asan\code backup\platform(2018-02-12)\platform\Release\link-cvtres.write.1.tlog
D:\# asan\code backup\platform(2018-02-12)\platform\Release\link-rc.read.1.tlog
D:\# asan\code backup\platform(2018-02-12)\platform\Release\link-rc.write.1.tlog
D:\# asan\code backup\platform(2018-02-12)\platform\Release\link.command.1.tlog
D:\# asan\code backup\platform(2018-02-12)\platform\Release\link.read.1.tlog
D:\# asan\code backup\platform(2018-02-12)\platform\Release\link.write.1.tlog
D:\# asan\code backup\platform(2018-02-12)\Win32\Release\platform.exe
